<?xml version="1.0" encoding="UTF-8"?>
<!-- Generated by org.testng.reporters.JUnitXMLReporter -->
<testsuite hostname="DELL" name="WeatherComparison" tests="5" failures="0" timestamp="16 Jul 2021 10:50:42 GMT" time="48.916" errors="0">
  <testcase name="openWeatherDetailsPage" time="18.665" classname="com.TestVagrant.TestCases.TC_001_OnlineWeatherDetails"/>
  <testcase name="validateCityNameOnPage" time="0.952" classname="com.TestVagrant.TestCases.TC_001_OnlineWeatherDetails"/>
  <testcase name="getWeatherTempInCelciusOnPage" time="0.167" classname="com.TestVagrant.TestCases.TC_001_OnlineWeatherDetails"/>
  <testcase name="getAPIWeatherDetails" time="2.033" classname="com.TestVagrant.TestCases.TC_002_GetRequestWeather"/>
  <testcase name="compareUiAndAPIValues" time="0.007" classname="com.TestVagrant.TestCases.TC_003_Compare_UI_API"/>
</testsuite> <!-- WeatherComparison -->
